
  .   ____          _            __ _ _
 /\\ / ___'_ __ _ _(_)_ __  __ _ \ \ \ \
( ( )\___ | '_ | '_| | '_ \/ _` | \ \ \ \
 \\/  ___)| |_)| | | | | || (_| |  ) ) ) )
  '  |____| .__|_| |_|_| |_\__, | / / / /
 =========|_|==============|___/=/_/_/_/

 :: Spring Boot ::                (v4.0.6)

2026-06-30T00:17:53.257-04:00  INFO 212314 --- [MonitoreoG] [           main] m.MonitoreoG.MonitoreoGApplication       : Starting MonitoreoGApplication v0.0.1-SNAPSHOT using Java 21.0.9 with PID 212314 (/home/benja/workstuff/libreriaDesarrollo/intento2/MoniteoreoGeneral/target/MonitoreoG-0.0.1-SNAPSHOT.jar started by benja in /home/benja/workstuff/libreriaDesarrollo/intento2/MoniteoreoGeneral)
2026-06-30T00:17:53.262-04:00  INFO 212314 --- [MonitoreoG] [           main] m.MonitoreoG.MonitoreoGApplication       : No active profile set, falling back to 1 default profile: "default"
2026-06-30T00:17:54.345-04:00  INFO 212314 --- [MonitoreoG] [           main] .s.d.r.c.RepositoryConfigurationDelegate : Bootstrapping Spring Data JPA repositories in DEFAULT mode.
2026-06-30T00:17:54.391-04:00  INFO 212314 --- [MonitoreoG] [           main] .s.d.r.c.RepositoryConfigurationDelegate : Finished Spring Data repository scanning in 36 ms. Found 2 JPA repository interfaces.
2026-06-30T00:17:55.028-04:00  INFO 212314 --- [MonitoreoG] [           main] o.s.boot.tomcat.TomcatWebServer          : Tomcat initialized with port 8089 (http)
2026-06-30T00:17:55.043-04:00  INFO 212314 --- [MonitoreoG] [           main] o.apache.catalina.core.StandardService   : Starting service [Tomcat]
2026-06-30T00:17:55.043-04:00  INFO 212314 --- [MonitoreoG] [           main] o.apache.catalina.core.StandardEngine    : Starting Servlet engine: [Apache Tomcat/11.0.21]
2026-06-30T00:17:55.073-04:00  INFO 212314 --- [MonitoreoG] [           main] b.w.c.s.WebApplicationContextInitializer : Root WebApplicationContext: initialization completed in 1752 ms
2026-06-30T00:17:55.408-04:00  INFO 212314 --- [MonitoreoG] [           main] org.hibernate.orm.jpa                    : HHH008540: Processing PersistenceUnitInfo [name: default]
2026-06-30T00:17:55.486-04:00  INFO 212314 --- [MonitoreoG] [           main] org.hibernate.orm.core                   : HHH000001: Hibernate ORM core version 7.2.12.Final
2026-06-30T00:17:56.074-04:00  INFO 212314 --- [MonitoreoG] [           main] o.s.o.j.p.SpringPersistenceUnitInfo      : No LoadTimeWeaver setup: ignoring JPA class transformer
2026-06-30T00:17:56.112-04:00  INFO 212314 --- [MonitoreoG] [           main] com.zaxxer.hikari.HikariDataSource       : HikariPool-1 - Starting...
2026-06-30T00:17:56.531-04:00  INFO 212314 --- [MonitoreoG] [           main] com.zaxxer.hikari.pool.HikariPool        : HikariPool-1 - Added connection com.mysql.cj.jdbc.ConnectionImpl@629600d7
2026-06-30T00:17:56.533-04:00  INFO 212314 --- [MonitoreoG] [           main] com.zaxxer.hikari.HikariDataSource       : HikariPool-1 - Start completed.
2026-06-30T00:17:56.602-04:00  WARN 212314 --- [MonitoreoG] [           main] org.hibernate.orm.deprecation            : HHH90000025: MySQLDialect does not need to be specified explicitly using 'hibernate.dialect' (remove the property setting and it will be selected by default)
2026-06-30T00:17:56.625-04:00  INFO 212314 --- [MonitoreoG] [           main] org.hibernate.orm.connections.pooling    : HHH10001005: Database info:
	Database JDBC URL [jdbc:mysql://localhost:3306/monitoreo_ms]
	Database driver: MySQL Connector/J
	Database dialect: MySQLDialect
	Database version: 8.0.45
	Default catalog/schema: monitoreo_ms/undefined
	Autocommit mode: undefined/unknown
	Isolation level: REPEATABLE_READ [default REPEATABLE_READ]
	JDBC fetch size: none
	Pool: DataSourceConnectionProvider
	Minimum pool size: undefined/unknown
	Maximum pool size: undefined/unknown
2026-06-30T00:17:57.543-04:00  INFO 212314 --- [MonitoreoG] [           main] org.hibernate.orm.core                   : HHH000489: No JTA platform available (set 'hibernate.transaction.jta.platform' to enable JTA platform integration)
2026-06-30T00:17:57.606-04:00  INFO 212314 --- [MonitoreoG] [           main] j.LocalContainerEntityManagerFactoryBean : Initialized JPA EntityManagerFactory for persistence unit 'default'
2026-06-30T00:17:57.688-04:00  INFO 212314 --- [MonitoreoG] [           main] o.s.d.j.r.query.QueryEnhancerFactories   : Hibernate is in classpath; If applicable, HQL parser will be used.
2026-06-30T00:17:58.042-04:00  WARN 212314 --- [MonitoreoG] [           main] JpaBaseConfiguration$JpaWebConfiguration : spring.jpa.open-in-view is enabled by default. Therefore, database queries may be performed during view rendering. Explicitly configure spring.jpa.open-in-view to disable this warning
2026-06-30T00:17:58.653-04:00  INFO 212314 --- [MonitoreoG] [           main] o.s.b.a.e.web.EndpointLinksResolver      : Exposing 1 endpoint beneath base path '/actuator'
2026-06-30T00:17:58.723-04:00  INFO 212314 --- [MonitoreoG] [           main] o.s.boot.tomcat.TomcatWebServer          : Tomcat started on port 8089 (http) with context path '/'
2026-06-30T00:17:58.733-04:00  INFO 212314 --- [MonitoreoG] [           main] m.MonitoreoG.MonitoreoGApplication       : Started MonitoreoGApplication in 5.937 seconds (process running for 6.495)
Hibernate: insert into health_checks (estado,fecha,mensaje,origen) values (?,?,?,?)
Hibernate: select a1_0.id,a1_0.descripcion,a1_0.estado,a1_0.fecha,a1_0.lugar,a1_0.titulo from alertas a1_0 where a1_0.lugar=? and a1_0.estado=? order by a1_0.fecha desc limit ?
Hibernate: insert into health_checks (estado,fecha,mensaje,origen) values (?,?,?,?)
Hibernate: select a1_0.id,a1_0.descripcion,a1_0.estado,a1_0.fecha,a1_0.lugar,a1_0.titulo from alertas a1_0 where a1_0.lugar=? and a1_0.estado=? order by a1_0.fecha desc limit ?
Hibernate: insert into health_checks (estado,fecha,mensaje,origen) values (?,?,?,?)
Hibernate: select a1_0.id,a1_0.descripcion,a1_0.estado,a1_0.fecha,a1_0.lugar,a1_0.titulo from alertas a1_0 where a1_0.lugar=? and a1_0.estado=? order by a1_0.fecha desc limit ?
Hibernate: insert into health_checks (estado,fecha,mensaje,origen) values (?,?,?,?)
Hibernate: select a1_0.id,a1_0.descripcion,a1_0.estado,a1_0.fecha,a1_0.lugar,a1_0.titulo from alertas a1_0 where a1_0.lugar=? and a1_0.estado=? order by a1_0.fecha desc limit ?
Hibernate: insert into health_checks (estado,fecha,mensaje,origen) values (?,?,?,?)
Hibernate: select a1_0.id,a1_0.descripcion,a1_0.estado,a1_0.fecha,a1_0.lugar,a1_0.titulo from alertas a1_0 where a1_0.lugar=? and a1_0.estado=? order by a1_0.fecha desc limit ?
Hibernate: insert into health_checks (estado,fecha,mensaje,origen) values (?,?,?,?)
Hibernate: select a1_0.id,a1_0.descripcion,a1_0.estado,a1_0.fecha,a1_0.lugar,a1_0.titulo from alertas a1_0 where a1_0.lugar=? and a1_0.estado=? order by a1_0.fecha desc limit ?
Hibernate: insert into health_checks (estado,fecha,mensaje,origen) values (?,?,?,?)
Hibernate: insert into health_checks (estado,fecha,mensaje,origen) values (?,?,?,?)
Hibernate: select a1_0.id,a1_0.descripcion,a1_0.estado,a1_0.fecha,a1_0.lugar,a1_0.titulo from alertas a1_0 where a1_0.lugar=? and a1_0.estado=? order by a1_0.fecha desc limit ?
2026-06-30T00:18:07.286-04:00  INFO 212314 --- [MonitoreoG] [nio-8089-exec-1] o.a.c.c.C.[Tomcat].[localhost].[/]       : Initializing Spring DispatcherServlet 'dispatcherServlet'
2026-06-30T00:18:07.286-04:00  INFO 212314 --- [MonitoreoG] [nio-8089-exec-1] o.s.web.servlet.DispatcherServlet        : Initializing Servlet 'dispatcherServlet'
2026-06-30T00:18:07.288-04:00  INFO 212314 --- [MonitoreoG] [nio-8089-exec-1] o.s.web.servlet.DispatcherServlet        : Completed initialization in 1 ms
Hibernate: select hc1_0.id,hc1_0.estado,hc1_0.fecha,hc1_0.mensaje,hc1_0.origen from health_checks hc1_0 where hc1_0.origen=? order by hc1_0.fecha desc limit ?
Hibernate: select hc1_0.id,hc1_0.estado,hc1_0.fecha,hc1_0.mensaje,hc1_0.origen from health_checks hc1_0 where hc1_0.origen=? order by hc1_0.fecha desc limit ?
Hibernate: select hc1_0.id,hc1_0.estado,hc1_0.fecha,hc1_0.mensaje,hc1_0.origen from health_checks hc1_0 where hc1_0.origen=? order by hc1_0.fecha desc limit ?
Hibernate: select hc1_0.id,hc1_0.estado,hc1_0.fecha,hc1_0.mensaje,hc1_0.origen from health_checks hc1_0 where hc1_0.origen=? order by hc1_0.fecha desc limit ?
Hibernate: select hc1_0.id,hc1_0.estado,hc1_0.fecha,hc1_0.mensaje,hc1_0.origen from health_checks hc1_0 where hc1_0.origen=? order by hc1_0.fecha desc limit ?
Hibernate: select hc1_0.id,hc1_0.estado,hc1_0.fecha,hc1_0.mensaje,hc1_0.origen from health_checks hc1_0 where hc1_0.origen=? order by hc1_0.fecha desc limit ?
Hibernate: select hc1_0.id,hc1_0.estado,hc1_0.fecha,hc1_0.mensaje,hc1_0.origen from health_checks hc1_0 where hc1_0.origen=? order by hc1_0.fecha desc limit ?
Hibernate: select hc1_0.id,hc1_0.estado,hc1_0.fecha,hc1_0.mensaje,hc1_0.origen from health_checks hc1_0 where hc1_0.origen=? order by hc1_0.fecha desc limit ?
2026-06-30T00:18:20.221-04:00  INFO 212314 --- [MonitoreoG] [ionShutdownHook] o.s.boot.tomcat.GracefulShutdown         : Commencing graceful shutdown. Waiting for active requests to complete
2026-06-30T00:18:20.224-04:00  INFO 212314 --- [MonitoreoG] [tomcat-shutdown] o.s.boot.tomcat.GracefulShutdown         : Graceful shutdown complete
2026-06-30T00:18:20.234-04:00  INFO 212314 --- [MonitoreoG] [ionShutdownHook] j.LocalContainerEntityManagerFactoryBean : Closing JPA EntityManagerFactory for persistence unit 'default'
2026-06-30T00:18:20.239-04:00  INFO 212314 --- [MonitoreoG] [ionShutdownHook] com.zaxxer.hikari.HikariDataSource       : HikariPool-1 - Shutdown initiated...
2026-06-30T00:18:20.249-04:00  INFO 212314 --- [MonitoreoG] [ionShutdownHook] com.zaxxer.hikari.HikariDataSource       : HikariPool-1 - Shutdown completed.
