[INFO] Scanning for projects...
[INFO] 
[INFO] ----------------------< microServicio:MonitoreoG >----------------------
[INFO] Building MonitoreoG 0.0.1-SNAPSHOT
[INFO]   from pom.xml
[INFO] --------------------------------[ jar ]---------------------------------
[INFO] 
[INFO] >>> spring-boot:4.0.6:run (default-cli) > test-compile @ MonitoreoG >>>
[INFO] 
[INFO] --- resources:3.3.1:resources (default-resources) @ MonitoreoG ---
[INFO] Copying 1 resource from src/main/resources to target/classes
[INFO] Copying 0 resource from src/main/resources to target/classes
[INFO] 
[INFO] --- compiler:3.14.1:compile (default-compile) @ MonitoreoG ---
[INFO] Nothing to compile - all classes are up to date.
[INFO] 
[INFO] --- resources:3.3.1:testResources (default-testResources) @ MonitoreoG ---
[INFO] skip non existing resourceDirectory /home/benja/workstuff/libreriaDesarrollo/intento2/MoniteoreoGeneral/src/test/resources
[INFO] 
[INFO] --- compiler:3.14.1:testCompile (default-testCompile) @ MonitoreoG ---
[INFO] Nothing to compile - all classes are up to date.
[INFO] 
[INFO] <<< spring-boot:4.0.6:run (default-cli) < test-compile @ MonitoreoG <<<
[INFO] 
[INFO] 
[INFO] --- spring-boot:4.0.6:run (default-cli) @ MonitoreoG ---
[INFO] Attaching agents: []

  .   ____          _            __ _ _
 /\\ / ___'_ __ _ _(_)_ __  __ _ \ \ \ \
( ( )\___ | '_ | '_| | '_ \/ _` | \ \ \ \
 \\/  ___)| |_)| | | | | || (_| |  ) ) ) )
  '  |____| .__|_| |_|_| |_\__, | / / / /
 =========|_|==============|___/=/_/_/_/

 :: Spring Boot ::                (v4.0.6)

2026-06-30T00:10:39.600-04:00  INFO 208853 --- [MonitoreoG] [           main] m.MonitoreoG.MonitoreoGApplication       : Starting MonitoreoGApplication using Java 21.0.9 with PID 208853 (/home/benja/workstuff/libreriaDesarrollo/intento2/MoniteoreoGeneral/target/classes started by benja in /home/benja/workstuff/libreriaDesarrollo/intento2/MoniteoreoGeneral)
2026-06-30T00:10:39.603-04:00  INFO 208853 --- [MonitoreoG] [           main] m.MonitoreoG.MonitoreoGApplication       : No active profile set, falling back to 1 default profile: "default"
2026-06-30T00:10:40.274-04:00  INFO 208853 --- [MonitoreoG] [           main] .s.d.r.c.RepositoryConfigurationDelegate : Bootstrapping Spring Data JPA repositories in DEFAULT mode.
2026-06-30T00:10:40.311-04:00  INFO 208853 --- [MonitoreoG] [           main] .s.d.r.c.RepositoryConfigurationDelegate : Finished Spring Data repository scanning in 30 ms. Found 2 JPA repository interfaces.
2026-06-30T00:10:40.730-04:00  INFO 208853 --- [MonitoreoG] [           main] o.s.boot.tomcat.TomcatWebServer          : Tomcat initialized with port 8089 (http)
2026-06-30T00:10:40.739-04:00  INFO 208853 --- [MonitoreoG] [           main] o.apache.catalina.core.StandardService   : Starting service [Tomcat]
2026-06-30T00:10:40.739-04:00  INFO 208853 --- [MonitoreoG] [           main] o.apache.catalina.core.StandardEngine    : Starting Servlet engine: [Apache Tomcat/11.0.21]
2026-06-30T00:10:40.783-04:00  INFO 208853 --- [MonitoreoG] [           main] b.w.c.s.WebApplicationContextInitializer : Root WebApplicationContext: initialization completed in 1132 ms
2026-06-30T00:10:40.974-04:00  INFO 208853 --- [MonitoreoG] [           main] org.hibernate.orm.jpa                    : HHH008540: Processing PersistenceUnitInfo [name: default]
2026-06-30T00:10:41.010-04:00  INFO 208853 --- [MonitoreoG] [           main] org.hibernate.orm.core                   : HHH000001: Hibernate ORM core version 7.2.12.Final
2026-06-30T00:10:41.316-04:00  INFO 208853 --- [MonitoreoG] [           main] o.s.o.j.p.SpringPersistenceUnitInfo      : No LoadTimeWeaver setup: ignoring JPA class transformer
2026-06-30T00:10:41.338-04:00  INFO 208853 --- [MonitoreoG] [           main] com.zaxxer.hikari.HikariDataSource       : HikariPool-1 - Starting...
2026-06-30T00:10:41.598-04:00  INFO 208853 --- [MonitoreoG] [           main] com.zaxxer.hikari.pool.HikariPool        : HikariPool-1 - Added connection com.mysql.cj.jdbc.ConnectionImpl@6fc6f68f
2026-06-30T00:10:41.599-04:00  INFO 208853 --- [MonitoreoG] [           main] com.zaxxer.hikari.HikariDataSource       : HikariPool-1 - Start completed.
2026-06-30T00:10:41.634-04:00  WARN 208853 --- [MonitoreoG] [           main] org.hibernate.orm.deprecation            : HHH90000025: MySQLDialect does not need to be specified explicitly using 'hibernate.dialect' (remove the property setting and it will be selected by default)
2026-06-30T00:10:41.646-04:00  INFO 208853 --- [MonitoreoG] [           main] org.hibernate.orm.connections.pooling    : HHH10001005: Database info:
	Database JDBC URL [jdbc:mysql://localhost:3306/monitoreo_ms]
	Database driver: MySQL Connector/J
	Database dialect: MySQLDialect
	Database version: 8.0.45
	Default catalog/schema: monitoreo_ms/undefined
	Autocommit mode: undefined/unknown
	Isolation level: REPEATABLE_READ [default REPEATABLE_READ]
	JDBC fetch size: none
	Pool: DataSourceConnectionProvider
	Minimum pool size: undefined/unknown
	Maximum pool size: undefined/unknown
2026-06-30T00:10:42.261-04:00  INFO 208853 --- [MonitoreoG] [           main] org.hibernate.orm.core                   : HHH000489: No JTA platform available (set 'hibernate.transaction.jta.platform' to enable JTA platform integration)
2026-06-30T00:10:42.303-04:00  INFO 208853 --- [MonitoreoG] [           main] j.LocalContainerEntityManagerFactoryBean : Initialized JPA EntityManagerFactory for persistence unit 'default'
2026-06-30T00:10:42.363-04:00  INFO 208853 --- [MonitoreoG] [           main] o.s.d.j.r.query.QueryEnhancerFactories   : Hibernate is in classpath; If applicable, HQL parser will be used.
2026-06-30T00:10:42.611-04:00  WARN 208853 --- [MonitoreoG] [           main] JpaBaseConfiguration$JpaWebConfiguration : spring.jpa.open-in-view is enabled by default. Therefore, database queries may be performed during view rendering. Explicitly configure spring.jpa.open-in-view to disable this warning
2026-06-30T00:10:42.987-04:00  INFO 208853 --- [MonitoreoG] [           main] o.s.b.a.e.web.EndpointLinksResolver      : Exposing 1 endpoint beneath base path '/actuator'
2026-06-30T00:10:43.042-04:00  INFO 208853 --- [MonitoreoG] [           main] o.s.boot.tomcat.TomcatWebServer          : Tomcat started on port 8089 (http) with context path '/'
2026-06-30T00:10:43.052-04:00  INFO 208853 --- [MonitoreoG] [           main] m.MonitoreoG.MonitoreoGApplication       : Started MonitoreoGApplication in 3.797 seconds (process running for 4.065)
Hibernate: insert into health_checks (estado,fecha,mensaje,origen) values (?,?,?,?)
Hibernate: select a1_0.id,a1_0.descripcion,a1_0.estado,a1_0.fecha,a1_0.lugar,a1_0.titulo from alertas a1_0 where a1_0.lugar=? and a1_0.estado=? order by a1_0.fecha desc limit ?
Hibernate: insert into health_checks (estado,fecha,mensaje,origen) values (?,?,?,?)
Hibernate: select a1_0.id,a1_0.descripcion,a1_0.estado,a1_0.fecha,a1_0.lugar,a1_0.titulo from alertas a1_0 where a1_0.lugar=? and a1_0.estado=? order by a1_0.fecha desc limit ?
Hibernate: insert into health_checks (estado,fecha,mensaje,origen) values (?,?,?,?)
Hibernate: select a1_0.id,a1_0.descripcion,a1_0.estado,a1_0.fecha,a1_0.lugar,a1_0.titulo from alertas a1_0 where a1_0.lugar=? and a1_0.estado=? order by a1_0.fecha desc limit ?
Hibernate: insert into health_checks (estado,fecha,mensaje,origen) values (?,?,?,?)
Hibernate: select a1_0.id,a1_0.descripcion,a1_0.estado,a1_0.fecha,a1_0.lugar,a1_0.titulo from alertas a1_0 where a1_0.lugar=? and a1_0.estado=? order by a1_0.fecha desc limit ?
Hibernate: insert into health_checks (estado,fecha,mensaje,origen) values (?,?,?,?)
Hibernate: select a1_0.id,a1_0.descripcion,a1_0.estado,a1_0.fecha,a1_0.lugar,a1_0.titulo from alertas a1_0 where a1_0.lugar=? and a1_0.estado=? order by a1_0.fecha desc limit ?
Hibernate: insert into health_checks (estado,fecha,mensaje,origen) values (?,?,?,?)
Hibernate: select a1_0.id,a1_0.descripcion,a1_0.estado,a1_0.fecha,a1_0.lugar,a1_0.titulo from alertas a1_0 where a1_0.lugar=? and a1_0.estado=? order by a1_0.fecha desc limit ?
Hibernate: insert into health_checks (estado,fecha,mensaje,origen) values (?,?,?,?)
Hibernate: select a1_0.id,a1_0.descripcion,a1_0.estado,a1_0.fecha,a1_0.lugar,a1_0.titulo from alertas a1_0 where a1_0.lugar=? and a1_0.estado=? order by a1_0.fecha desc limit ?
Hibernate: insert into health_checks (estado,fecha,mensaje,origen) values (?,?,?,?)
Hibernate: select a1_0.id,a1_0.descripcion,a1_0.estado,a1_0.fecha,a1_0.lugar,a1_0.titulo from alertas a1_0 where a1_0.lugar=? and a1_0.estado=? order by a1_0.fecha desc limit ?
2026-06-30T00:11:06.519-04:00  INFO 208853 --- [MonitoreoG] [nio-8089-exec-1] o.a.c.c.C.[Tomcat].[localhost].[/]       : Initializing Spring DispatcherServlet 'dispatcherServlet'
2026-06-30T00:11:06.519-04:00  INFO 208853 --- [MonitoreoG] [nio-8089-exec-1] o.s.web.servlet.DispatcherServlet        : Initializing Servlet 'dispatcherServlet'
2026-06-30T00:11:06.521-04:00  INFO 208853 --- [MonitoreoG] [nio-8089-exec-1] o.s.web.servlet.DispatcherServlet        : Completed initialization in 2 ms
Hibernate: select hc1_0.id,hc1_0.estado,hc1_0.fecha,hc1_0.mensaje,hc1_0.origen from health_checks hc1_0 where hc1_0.origen=? order by hc1_0.fecha desc limit ?
Hibernate: select hc1_0.id,hc1_0.estado,hc1_0.fecha,hc1_0.mensaje,hc1_0.origen from health_checks hc1_0 where hc1_0.origen=? order by hc1_0.fecha desc limit ?
Hibernate: select hc1_0.id,hc1_0.estado,hc1_0.fecha,hc1_0.mensaje,hc1_0.origen from health_checks hc1_0 where hc1_0.origen=? order by hc1_0.fecha desc limit ?
Hibernate: select hc1_0.id,hc1_0.estado,hc1_0.fecha,hc1_0.mensaje,hc1_0.origen from health_checks hc1_0 where hc1_0.origen=? order by hc1_0.fecha desc limit ?
Hibernate: select hc1_0.id,hc1_0.estado,hc1_0.fecha,hc1_0.mensaje,hc1_0.origen from health_checks hc1_0 where hc1_0.origen=? order by hc1_0.fecha desc limit ?
Hibernate: select hc1_0.id,hc1_0.estado,hc1_0.fecha,hc1_0.mensaje,hc1_0.origen from health_checks hc1_0 where hc1_0.origen=? order by hc1_0.fecha desc limit ?
Hibernate: select hc1_0.id,hc1_0.estado,hc1_0.fecha,hc1_0.mensaje,hc1_0.origen from health_checks hc1_0 where hc1_0.origen=? order by hc1_0.fecha desc limit ?
Hibernate: select hc1_0.id,hc1_0.estado,hc1_0.fecha,hc1_0.mensaje,hc1_0.origen from health_checks hc1_0 where hc1_0.origen=? order by hc1_0.fecha desc limit ?
2026-06-30T00:11:36.559-04:00  INFO 208853 --- [MonitoreoG] [ionShutdownHook] o.s.boot.tomcat.GracefulShutdown         : Commencing graceful shutdown. Waiting for active requests to complete
2026-06-30T00:11:36.561-04:00  INFO 208853 --- [MonitoreoG] [tomcat-shutdown] o.s.boot.tomcat.GracefulShutdown         : Graceful shutdown complete
2026-06-30T00:11:36.568-04:00  INFO 208853 --- [MonitoreoG] [ionShutdownHook] j.LocalContainerEntityManagerFactoryBean : Closing JPA EntityManagerFactory for persistence unit 'default'
2026-06-30T00:11:36.570-04:00  INFO 208853 --- [MonitoreoG] [ionShutdownHook] com.zaxxer.hikari.HikariDataSource       : HikariPool-1 - Shutdown initiated...
2026-06-30T00:11:36.578-04:00  INFO 208853 --- [MonitoreoG] [ionShutdownHook] com.zaxxer.hikari.HikariDataSource       : HikariPool-1 - Shutdown completed.
